<?xml version="1.0" encoding="UTF-8"?>
<!-- Generated by org.testng.reporters.JUnitReportReporter -->
<testsuite hostname="IBM-PF3183HA" failures="0" tests="1" name="com.webapp.LoginTest" time="9.755" errors="0" timestamp="2023-05-30T13:40:16 IST" skipped="0">
  <testcase classname="com.webapp.LoginTest" name="positiveLoginTest" time="9.755"/>
  <system-out/>
</testsuite> <!-- com.webapp.LoginTest -->
