<?xml version="1.0" encoding="UTF-8"?>
<!-- Generated by org.testng.reporters.JUnitReportReporter -->
<testsuite hostname="IBM-PF3183HA" failures="0" tests="2" name="com.webapp.FirstTest" time="9.865" errors="0" timestamp="2023-03-27T11:34:14 IST" skipped="0">
  <testcase classname="com.webapp.FirstTest" name="secondTestMethod" time="3.260"/>
  <system-out/>
  <testcase classname="com.webapp.FirstTest" name="firstTestMethod" time="6.605"/>
  <system-out/>
</testsuite> <!-- com.webapp.FirstTest -->
